2019-10-10 17:07:03,091  INFO [main] LogReport:21 - Chrome browser opens
2019-10-10 17:07:08,514  INFO [main] LogReport:21 - Application is open
2019-10-10 17:07:12,671  INFO [main] LogReport:21 - Games validated
2019-10-10 17:07:14,082  INFO [main] LogReport:21 - product unavailability message verified
2019-10-10 17:07:41,127  INFO [main] LogReport:21 - Arranged in  ascending order
2019-10-10 17:07:41,128  INFO [main] LogReport:21 - Arranged in  ascending order
2019-10-10 17:07:41,128  INFO [main] LogReport:21 - Arranged in  ascending order
2019-10-10 17:07:43,340  INFO [main] LogReport:21 - Arranged in descending order
2019-10-10 17:07:43,341  INFO [main] LogReport:21 - Arranged in descending order
2019-10-10 17:07:48,444  INFO [main] LogReport:21 - Arranged in oldest fist
2019-10-10 17:07:48,445  INFO [main] LogReport:21 - Arranged in oldest fist
2019-10-10 17:07:48,445  INFO [main] LogReport:21 - Arranged in oldest fist
2019-10-10 17:07:53,542  INFO [main] LogReport:21 - Arranged in Most Recent fist
2019-10-10 17:07:53,543  INFO [main] LogReport:21 - Arranged in Most Recent fist
2019-10-10 17:07:53,544  INFO [main] LogReport:21 - Arranged in Most Recent fist
2019-10-10 17:07:56,056 DEBUG [main] cache:45 - Couldn't find template in cache for "Extent.ftl"("en_US", UTF-8, parsed); will try to load it.
2019-10-10 17:07:56,059 DEBUG [main] cache:45 - TemplateLoader.findTemplateSource("Extent_en_US.ftl"): Not found
2019-10-10 17:07:56,060 DEBUG [main] cache:45 - TemplateLoader.findTemplateSource("Extent_en.ftl"): Not found
2019-10-10 17:07:56,061 DEBUG [main] cache:45 - TemplateLoader.findTemplateSource("Extent.ftl"): Found
2019-10-10 17:07:56,062 DEBUG [main] cache:45 - Loading template for "Extent.ftl"("en_US", UTF-8, parsed) from "jar:file:/C:/Users/David.Easterraj/.m2/repository/com/relevantcodes/extentreports/2.41.2/extentreports-2.41.2.jar!/com/relevantcodes/extentreports/view/Extent.ftl"
2019-10-10 17:11:54,181  INFO [main] LogReport:21 - Chrome browser opens
2019-10-10 17:11:59,199  INFO [main] LogReport:21 - Application is open
2019-10-10 17:12:03,209  INFO [main] LogReport:21 - Games validated
2019-10-10 17:12:04,539  INFO [main] LogReport:21 - product unavailability message verified
2019-10-10 17:12:31,797  INFO [main] LogReport:21 - Arranged in  ascending order
2019-10-10 17:12:31,798  INFO [main] LogReport:21 - Arranged in  ascending order
2019-10-10 17:12:31,798  INFO [main] LogReport:21 - Arranged in  ascending order
2019-10-10 17:12:34,144  INFO [main] LogReport:21 - Arranged in descending order
2019-10-10 17:12:34,144  INFO [main] LogReport:21 - Arranged in descending order
2019-10-10 17:12:39,599  INFO [main] LogReport:21 - Arranged in oldest fist
2019-10-10 17:12:39,600  INFO [main] LogReport:21 - Arranged in oldest fist
2019-10-10 17:12:39,600  INFO [main] LogReport:21 - Arranged in oldest fist
2019-10-10 17:12:44,792  INFO [main] LogReport:21 - Arranged in Most Recent fist
2019-10-10 17:12:44,793  INFO [main] LogReport:21 - Arranged in Most Recent fist
2019-10-10 17:12:44,794  INFO [main] LogReport:21 - Arranged in Most Recent fist
2019-10-10 17:12:47,121 DEBUG [main] cache:45 - Couldn't find template in cache for "Extent.ftl"("en_US", UTF-8, parsed); will try to load it.
2019-10-10 17:12:47,123 DEBUG [main] cache:45 - TemplateLoader.findTemplateSource("Extent_en_US.ftl"): Not found
2019-10-10 17:12:47,125 DEBUG [main] cache:45 - TemplateLoader.findTemplateSource("Extent_en.ftl"): Not found
2019-10-10 17:12:47,126 DEBUG [main] cache:45 - TemplateLoader.findTemplateSource("Extent.ftl"): Found
2019-10-10 17:12:47,126 DEBUG [main] cache:45 - Loading template for "Extent.ftl"("en_US", UTF-8, parsed) from "jar:file:/C:/Users/David.Easterraj/.m2/repository/com/relevantcodes/extentreports/2.41.2/extentreports-2.41.2.jar!/com/relevantcodes/extentreports/view/Extent.ftl"
2019-10-10 17:16:23,200  INFO [main] LogReport:21 - Chrome browser opens
2019-10-10 17:16:28,085  INFO [main] LogReport:21 - Application is open
2019-10-10 17:16:31,708  INFO [main] LogReport:21 - Games validated
2019-10-10 17:16:33,068  INFO [main] LogReport:21 - product unavailability message verified
2019-10-10 17:17:01,908  INFO [main] LogReport:21 - Arranged in  ascending order
2019-10-10 17:17:01,909  INFO [main] LogReport:21 - Arranged in  ascending order
2019-10-10 17:17:01,910  INFO [main] LogReport:21 - Arranged in  ascending order
2019-10-10 17:17:05,133  INFO [main] LogReport:21 - Arranged in descending order
2019-10-10 17:17:05,134  INFO [main] LogReport:21 - Arranged in descending order
2019-10-10 17:17:10,556  INFO [main] LogReport:21 - Arranged in oldest fist
2019-10-10 17:17:10,557  INFO [main] LogReport:21 - Arranged in oldest fist
2019-10-10 17:17:10,558  INFO [main] LogReport:21 - Arranged in oldest fist
2019-10-10 17:17:15,612  INFO [main] LogReport:21 - Arranged in Most Recent fist
2019-10-10 17:17:15,613  INFO [main] LogReport:21 - Arranged in Most Recent fist
2019-10-10 17:17:15,613  INFO [main] LogReport:21 - Arranged in Most Recent fist
2019-10-10 17:17:17,926 DEBUG [main] cache:45 - Couldn't find template in cache for "Extent.ftl"("en_US", UTF-8, parsed); will try to load it.
2019-10-10 17:17:17,929 DEBUG [main] cache:45 - TemplateLoader.findTemplateSource("Extent_en_US.ftl"): Not found
2019-10-10 17:17:17,931 DEBUG [main] cache:45 - TemplateLoader.findTemplateSource("Extent_en.ftl"): Not found
2019-10-10 17:17:17,933 DEBUG [main] cache:45 - TemplateLoader.findTemplateSource("Extent.ftl"): Found
2019-10-10 17:17:17,934 DEBUG [main] cache:45 - Loading template for "Extent.ftl"("en_US", UTF-8, parsed) from "jar:file:/C:/Users/David.Easterraj/.m2/repository/com/relevantcodes/extentreports/2.41.2/extentreports-2.41.2.jar!/com/relevantcodes/extentreports/view/Extent.ftl"
2019-10-10 17:18:16,742  INFO [main] LogReport:21 - Chrome browser opens
2019-10-10 17:18:22,534  INFO [main] LogReport:21 - Application is open
2019-10-10 17:18:26,571  INFO [main] LogReport:21 - Games validated
2019-10-10 17:18:28,152  INFO [main] LogReport:21 - product unavailability message verified
2019-10-10 17:18:54,603  INFO [main] LogReport:21 - Arranged in  ascending order
2019-10-10 17:18:54,604  INFO [main] LogReport:21 - Arranged in  ascending order
2019-10-10 17:18:54,604  INFO [main] LogReport:21 - Arranged in  ascending order
2019-10-10 17:18:56,682  INFO [main] LogReport:21 - Arranged in descending order
2019-10-10 17:18:56,682  INFO [main] LogReport:21 - Arranged in descending order
2019-10-10 17:19:01,971  INFO [main] LogReport:21 - Arranged in oldest fist
2019-10-10 17:19:01,971  INFO [main] LogReport:21 - Arranged in oldest fist
2019-10-10 17:19:01,972  INFO [main] LogReport:21 - Arranged in oldest fist
2019-10-10 17:19:07,198  INFO [main] LogReport:21 - Arranged in Most Recent fist
2019-10-10 17:19:07,199  INFO [main] LogReport:21 - Arranged in Most Recent fist
2019-10-10 17:19:07,199  INFO [main] LogReport:21 - Arranged in Most Recent fist
2019-10-10 17:19:09,736 DEBUG [main] cache:45 - Couldn't find template in cache for "Extent.ftl"("en_US", UTF-8, parsed); will try to load it.
2019-10-10 17:19:09,738 DEBUG [main] cache:45 - TemplateLoader.findTemplateSource("Extent_en_US.ftl"): Not found
2019-10-10 17:19:09,740 DEBUG [main] cache:45 - TemplateLoader.findTemplateSource("Extent_en.ftl"): Not found
2019-10-10 17:19:09,741 DEBUG [main] cache:45 - TemplateLoader.findTemplateSource("Extent.ftl"): Found
2019-10-10 17:19:09,742 DEBUG [main] cache:45 - Loading template for "Extent.ftl"("en_US", UTF-8, parsed) from "jar:file:/C:/Users/David.Easterraj/.m2/repository/com/relevantcodes/extentreports/2.41.2/extentreports-2.41.2.jar!/com/relevantcodes/extentreports/view/Extent.ftl"
2019-10-10 20:17:43,567  INFO [main] LogReport:21 - Chrome browser opens
2019-10-10 20:17:48,983  INFO [main] LogReport:21 - Application is open
2019-10-10 20:17:53,295  INFO [main] LogReport:21 - Games validated
2019-10-10 20:17:54,717  INFO [main] LogReport:21 - product unavailability message verified
2019-10-10 20:18:20,512 DEBUG [main] cache:45 - Couldn't find template in cache for "Extent.ftl"("en_US", UTF-8, parsed); will try to load it.
2019-10-10 20:18:20,514 DEBUG [main] cache:45 - TemplateLoader.findTemplateSource("Extent_en_US.ftl"): Not found
2019-10-10 20:18:20,517 DEBUG [main] cache:45 - TemplateLoader.findTemplateSource("Extent_en.ftl"): Not found
2019-10-10 20:18:20,519 DEBUG [main] cache:45 - TemplateLoader.findTemplateSource("Extent.ftl"): Found
2019-10-10 20:18:20,520 DEBUG [main] cache:45 - Loading template for "Extent.ftl"("en_US", UTF-8, parsed) from "jar:file:/C:/Users/David.Easterraj/.m2/repository/com/relevantcodes/extentreports/2.41.2/extentreports-2.41.2.jar!/com/relevantcodes/extentreports/view/Extent.ftl"
2019-10-10 21:33:36,552  INFO [main] LogReport:21 - Chrome browser opens
2019-10-10 21:33:42,803  INFO [main] LogReport:21 - Application is open
2019-10-10 21:33:46,942  INFO [main] LogReport:21 - Games validated
2019-10-10 21:33:48,349  INFO [main] LogReport:21 - product unavailability message verified
2019-10-10 21:34:12,949 DEBUG [main] cache:45 - Couldn't find template in cache for "Extent.ftl"("en_US", UTF-8, parsed); will try to load it.
2019-10-10 21:34:12,952 DEBUG [main] cache:45 - TemplateLoader.findTemplateSource("Extent_en_US.ftl"): Not found
2019-10-10 21:34:12,954 DEBUG [main] cache:45 - TemplateLoader.findTemplateSource("Extent_en.ftl"): Not found
2019-10-10 21:34:12,956 DEBUG [main] cache:45 - TemplateLoader.findTemplateSource("Extent.ftl"): Found
2019-10-10 21:34:12,957 DEBUG [main] cache:45 - Loading template for "Extent.ftl"("en_US", UTF-8, parsed) from "jar:file:/C:/Users/David.Easterraj/.m2/repository/com/relevantcodes/extentreports/2.41.2/extentreports-2.41.2.jar!/com/relevantcodes/extentreports/view/Extent.ftl"
2019-10-10 21:35:33,814  INFO [main] LogReport:21 - Chrome browser opens
2019-10-10 21:35:40,596  INFO [main] LogReport:21 - Application is open
2019-10-10 21:35:44,760  INFO [main] LogReport:21 - Games validated
2019-10-10 21:35:46,181  INFO [main] LogReport:21 - product unavailability message verified
2019-10-10 21:35:46,213 DEBUG [main] cache:45 - Couldn't find template in cache for "Extent.ftl"("en_US", UTF-8, parsed); will try to load it.
2019-10-10 21:35:46,216 DEBUG [main] cache:45 - TemplateLoader.findTemplateSource("Extent_en_US.ftl"): Not found
2019-10-10 21:35:46,219 DEBUG [main] cache:45 - TemplateLoader.findTemplateSource("Extent_en.ftl"): Not found
2019-10-10 21:35:46,221 DEBUG [main] cache:45 - TemplateLoader.findTemplateSource("Extent.ftl"): Found
2019-10-10 21:35:46,222 DEBUG [main] cache:45 - Loading template for "Extent.ftl"("en_US", UTF-8, parsed) from "jar:file:/C:/Users/David.Easterraj/.m2/repository/com/relevantcodes/extentreports/2.41.2/extentreports-2.41.2.jar!/com/relevantcodes/extentreports/view/Extent.ftl"
2019-10-10 21:37:23,145  INFO [main] LogReport:21 - Chrome browser opens
2019-10-10 21:37:33,145  INFO [main] LogReport:21 - Application is open
2019-10-10 21:37:37,719  INFO [main] LogReport:21 - Games validated
2019-10-10 21:37:39,095  INFO [main] LogReport:21 - product unavailability message verified
2019-10-10 21:37:39,131 DEBUG [main] cache:45 - Couldn't find template in cache for "Extent.ftl"("en_US", UTF-8, parsed); will try to load it.
2019-10-10 21:37:39,134 DEBUG [main] cache:45 - TemplateLoader.findTemplateSource("Extent_en_US.ftl"): Not found
2019-10-10 21:37:39,137 DEBUG [main] cache:45 - TemplateLoader.findTemplateSource("Extent_en.ftl"): Not found
2019-10-10 21:37:39,139 DEBUG [main] cache:45 - TemplateLoader.findTemplateSource("Extent.ftl"): Found
2019-10-10 21:37:39,140 DEBUG [main] cache:45 - Loading template for "Extent.ftl"("en_US", UTF-8, parsed) from "jar:file:/C:/Users/David.Easterraj/.m2/repository/com/relevantcodes/extentreports/2.41.2/extentreports-2.41.2.jar!/com/relevantcodes/extentreports/view/Extent.ftl"
2019-10-10 21:38:50,364  INFO [main] LogReport:21 - Chrome browser opens
2019-10-10 21:38:55,415  INFO [main] LogReport:21 - Application is open
2019-10-10 21:38:59,623  INFO [main] LogReport:21 - Games validated
2019-10-10 21:39:01,099  INFO [main] LogReport:21 - product unavailability message verified
2019-10-10 21:39:01,147 DEBUG [main] cache:45 - Couldn't find template in cache for "Extent.ftl"("en_US", UTF-8, parsed); will try to load it.
2019-10-10 21:39:01,150 DEBUG [main] cache:45 - TemplateLoader.findTemplateSource("Extent_en_US.ftl"): Not found
2019-10-10 21:39:01,153 DEBUG [main] cache:45 - TemplateLoader.findTemplateSource("Extent_en.ftl"): Not found
2019-10-10 21:39:01,156 DEBUG [main] cache:45 - TemplateLoader.findTemplateSource("Extent.ftl"): Found
2019-10-10 21:39:01,157 DEBUG [main] cache:45 - Loading template for "Extent.ftl"("en_US", UTF-8, parsed) from "jar:file:/C:/Users/David.Easterraj/.m2/repository/com/relevantcodes/extentreports/2.41.2/extentreports-2.41.2.jar!/com/relevantcodes/extentreports/view/Extent.ftl"
2019-10-11 11:16:08,484  INFO [main] LogReport:21 - Chrome browser opens
2019-10-11 11:16:13,938  INFO [main] LogReport:21 - Application is open
2019-10-11 11:16:18,290  INFO [main] LogReport:21 - Games validated
2019-10-11 11:16:19,624  INFO [main] LogReport:21 - product unavailability message verified
2019-10-11 11:16:19,664 DEBUG [main] cache:45 - Couldn't find template in cache for "Extent.ftl"("en_US", UTF-8, parsed); will try to load it.
2019-10-11 11:16:19,667 DEBUG [main] cache:45 - TemplateLoader.findTemplateSource("Extent_en_US.ftl"): Not found
2019-10-11 11:16:19,671 DEBUG [main] cache:45 - TemplateLoader.findTemplateSource("Extent_en.ftl"): Not found
2019-10-11 11:16:19,673 DEBUG [main] cache:45 - TemplateLoader.findTemplateSource("Extent.ftl"): Found
2019-10-11 11:16:19,674 DEBUG [main] cache:45 - Loading template for "Extent.ftl"("en_US", UTF-8, parsed) from "jar:file:/C:/Users/David.Easterraj/.m2/repository/com/relevantcodes/extentreports/2.41.2/extentreports-2.41.2.jar!/com/relevantcodes/extentreports/view/Extent.ftl"
2019-10-11 14:55:32,006 DEBUG [main] cache:45 - Couldn't find template in cache for "Extent.ftl"("en_US", UTF-8, parsed); will try to load it.
2019-10-11 14:55:32,010 DEBUG [main] cache:45 - TemplateLoader.findTemplateSource("Extent_en_US.ftl"): Not found
2019-10-11 14:55:32,013 DEBUG [main] cache:45 - TemplateLoader.findTemplateSource("Extent_en.ftl"): Not found
2019-10-11 14:55:32,015 DEBUG [main] cache:45 - TemplateLoader.findTemplateSource("Extent.ftl"): Found
2019-10-11 14:55:32,017 DEBUG [main] cache:45 - Loading template for "Extent.ftl"("en_US", UTF-8, parsed) from "jar:file:/C:/Users/David.Easterraj/.m2/repository/com/relevantcodes/extentreports/2.41.2/extentreports-2.41.2.jar!/com/relevantcodes/extentreports/view/Extent.ftl"
2019-10-11 15:00:42,823 DEBUG [main] cache:45 - Couldn't find template in cache for "Extent.ftl"("en_US", UTF-8, parsed); will try to load it.
2019-10-11 15:00:42,841 DEBUG [main] cache:45 - TemplateLoader.findTemplateSource("Extent_en_US.ftl"): Not found
2019-10-11 15:00:42,842 DEBUG [main] cache:45 - TemplateLoader.findTemplateSource("Extent_en.ftl"): Not found
2019-10-11 15:00:42,842 DEBUG [main] cache:45 - TemplateLoader.findTemplateSource("Extent.ftl"): Found
2019-10-11 15:00:42,842 DEBUG [main] cache:45 - Loading template for "Extent.ftl"("en_US", UTF-8, parsed) from "jar:file:/C:/Users/David.Easterraj/.m2/repository/com/relevantcodes/extentreports/2.41.2/extentreports-2.41.2.jar!/com/relevantcodes/extentreports/view/Extent.ftl"
2019-10-11 15:03:30,572 DEBUG [main] cache:45 - Couldn't find template in cache for "Extent.ftl"("en_US", UTF-8, parsed); will try to load it.
2019-10-11 15:03:30,579 DEBUG [main] cache:45 - TemplateLoader.findTemplateSource("Extent_en_US.ftl"): Not found
2019-10-11 15:03:30,580 DEBUG [main] cache:45 - TemplateLoader.findTemplateSource("Extent_en.ftl"): Not found
2019-10-11 15:03:30,580 DEBUG [main] cache:45 - TemplateLoader.findTemplateSource("Extent.ftl"): Found
2019-10-11 15:03:30,580 DEBUG [main] cache:45 - Loading template for "Extent.ftl"("en_US", UTF-8, parsed) from "jar:file:/C:/Users/David.Easterraj/.m2/repository/com/relevantcodes/extentreports/2.41.2/extentreports-2.41.2.jar!/com/relevantcodes/extentreports/view/Extent.ftl"
2019-10-11 15:08:59,211 DEBUG [main] cache:45 - Couldn't find template in cache for "Extent.ftl"("en_US", UTF-8, parsed); will try to load it.
2019-10-11 15:08:59,215 DEBUG [main] cache:45 - TemplateLoader.findTemplateSource("Extent_en_US.ftl"): Not found
2019-10-11 15:08:59,218 DEBUG [main] cache:45 - TemplateLoader.findTemplateSource("Extent_en.ftl"): Not found
2019-10-11 15:08:59,221 DEBUG [main] cache:45 - TemplateLoader.findTemplateSource("Extent.ftl"): Found
2019-10-11 15:08:59,223 DEBUG [main] cache:45 - Loading template for "Extent.ftl"("en_US", UTF-8, parsed) from "jar:file:/C:/Users/David.Easterraj/.m2/repository/com/relevantcodes/extentreports/2.41.2/extentreports-2.41.2.jar!/com/relevantcodes/extentreports/view/Extent.ftl"
2019-10-11 15:11:18,120 DEBUG [main] cache:45 - Couldn't find template in cache for "Extent.ftl"("en_US", UTF-8, parsed); will try to load it.
2019-10-11 15:11:18,125 DEBUG [main] cache:45 - TemplateLoader.findTemplateSource("Extent_en_US.ftl"): Not found
2019-10-11 15:11:18,128 DEBUG [main] cache:45 - TemplateLoader.findTemplateSource("Extent_en.ftl"): Not found
2019-10-11 15:11:18,129 DEBUG [main] cache:45 - TemplateLoader.findTemplateSource("Extent.ftl"): Found
2019-10-11 15:11:18,130 DEBUG [main] cache:45 - Loading template for "Extent.ftl"("en_US", UTF-8, parsed) from "jar:file:/C:/Users/David.Easterraj/.m2/repository/com/relevantcodes/extentreports/2.41.2/extentreports-2.41.2.jar!/com/relevantcodes/extentreports/view/Extent.ftl"
2019-10-11 15:12:29,236  INFO [main] LogReport:21 - IE browser opens
2019-10-11 15:12:36,944  INFO [main] LogReport:21 - Application is open
2019-10-11 15:14:07,756  INFO [main] LogReport:21 - Games validated
2019-10-11 15:14:56,763  INFO [main] LogReport:21 - product unavailability message verified
2019-10-11 15:14:56,793 DEBUG [main] cache:45 - Couldn't find template in cache for "Extent.ftl"("en_US", UTF-8, parsed); will try to load it.
2019-10-11 15:14:56,794 DEBUG [main] cache:45 - TemplateLoader.findTemplateSource("Extent_en_US.ftl"): Not found
2019-10-11 15:14:56,796 DEBUG [main] cache:45 - TemplateLoader.findTemplateSource("Extent_en.ftl"): Not found
2019-10-11 15:14:56,797 DEBUG [main] cache:45 - TemplateLoader.findTemplateSource("Extent.ftl"): Found
2019-10-11 15:14:56,798 DEBUG [main] cache:45 - Loading template for "Extent.ftl"("en_US", UTF-8, parsed) from "jar:file:/C:/Users/David.Easterraj/.m2/repository/com/relevantcodes/extentreports/2.41.2/extentreports-2.41.2.jar!/com/relevantcodes/extentreports/view/Extent.ftl"
2019-10-11 15:18:09,044  INFO [main] LogReport:21 - IE browser opens
2019-10-11 15:18:11,176  INFO [main] LogReport:21 - Application is open
2019-10-11 15:20:09,927 DEBUG [main] cache:45 - Couldn't find template in cache for "Extent.ftl"("en_US", UTF-8, parsed); will try to load it.
2019-10-11 15:20:09,929 DEBUG [main] cache:45 - TemplateLoader.findTemplateSource("Extent_en_US.ftl"): Not found
2019-10-11 15:20:09,931 DEBUG [main] cache:45 - TemplateLoader.findTemplateSource("Extent_en.ftl"): Not found
2019-10-11 15:20:09,932 DEBUG [main] cache:45 - TemplateLoader.findTemplateSource("Extent.ftl"): Found
2019-10-11 15:20:09,933 DEBUG [main] cache:45 - Loading template for "Extent.ftl"("en_US", UTF-8, parsed) from "jar:file:/C:/Users/David.Easterraj/.m2/repository/com/relevantcodes/extentreports/2.41.2/extentreports-2.41.2.jar!/com/relevantcodes/extentreports/view/Extent.ftl"
2019-10-11 15:25:30,972  INFO [main] LogReport:21 - IE browser opens
2019-10-11 15:25:34,847  INFO [main] LogReport:21 - Application is open
2019-10-11 15:27:34,314 DEBUG [main] cache:45 - Couldn't find template in cache for "Extent.ftl"("en_US", UTF-8, parsed); will try to load it.
2019-10-11 15:27:34,316 DEBUG [main] cache:45 - TemplateLoader.findTemplateSource("Extent_en_US.ftl"): Not found
2019-10-11 15:27:34,318 DEBUG [main] cache:45 - TemplateLoader.findTemplateSource("Extent_en.ftl"): Not found
2019-10-11 15:27:34,319 DEBUG [main] cache:45 - TemplateLoader.findTemplateSource("Extent.ftl"): Found
2019-10-11 15:27:34,320 DEBUG [main] cache:45 - Loading template for "Extent.ftl"("en_US", UTF-8, parsed) from "jar:file:/C:/Users/David.Easterraj/.m2/repository/com/relevantcodes/extentreports/2.41.2/extentreports-2.41.2.jar!/com/relevantcodes/extentreports/view/Extent.ftl"
2019-10-11 15:32:41,540  INFO [main] LogReport:21 - IE browser opens
2019-10-11 15:32:43,825  INFO [main] LogReport:21 - Application is open
2019-10-11 15:33:33,904  INFO [main] LogReport:21 - Chrome browser opens
2019-10-11 15:33:38,472  INFO [main] LogReport:21 - Application is open
2019-10-11 15:33:42,745  INFO [main] LogReport:21 - Games validated
2019-10-11 15:33:44,332  INFO [main] LogReport:21 - product unavailability message verified
2019-10-11 15:34:11,674 DEBUG [main] cache:45 - Couldn't find template in cache for "Extent.ftl"("en_US", UTF-8, parsed); will try to load it.
2019-10-11 15:34:11,676 DEBUG [main] cache:45 - TemplateLoader.findTemplateSource("Extent_en_US.ftl"): Not found
2019-10-11 15:34:11,677 DEBUG [main] cache:45 - TemplateLoader.findTemplateSource("Extent_en.ftl"): Not found
2019-10-11 15:34:11,679 DEBUG [main] cache:45 - TemplateLoader.findTemplateSource("Extent.ftl"): Found
2019-10-11 15:34:11,679 DEBUG [main] cache:45 - Loading template for "Extent.ftl"("en_US", UTF-8, parsed) from "jar:file:/C:/Users/David.Easterraj/.m2/repository/com/relevantcodes/extentreports/2.41.2/extentreports-2.41.2.jar!/com/relevantcodes/extentreports/view/Extent.ftl"
2019-10-11 15:34:14,926 DEBUG [main] cache:45 - Couldn't find template in cache for "Extent.ftl"("en_US", UTF-8, parsed); will try to load it.
2019-10-11 15:34:14,928 DEBUG [main] cache:45 - TemplateLoader.findTemplateSource("Extent_en_US.ftl"): Not found
2019-10-11 15:34:14,931 DEBUG [main] cache:45 - TemplateLoader.findTemplateSource("Extent_en.ftl"): Not found
2019-10-11 15:34:14,933 DEBUG [main] cache:45 - TemplateLoader.findTemplateSource("Extent.ftl"): Found
2019-10-11 15:34:14,933 DEBUG [main] cache:45 - Loading template for "Extent.ftl"("en_US", UTF-8, parsed) from "jar:file:/C:/Users/David.Easterraj/.m2/repository/com/relevantcodes/extentreports/2.41.2/extentreports-2.41.2.jar!/com/relevantcodes/extentreports/view/Extent.ftl"
2019-10-11 15:38:03,825  INFO [main] LogReport:21 - Chrome browser opens
2019-10-11 15:38:08,668  INFO [main] LogReport:21 - Application is open
2019-10-11 15:38:12,376  INFO [main] LogReport:21 - Games validated
2019-10-11 15:38:13,684  INFO [main] LogReport:21 - product unavailability message verified
2019-10-11 15:38:44,547 DEBUG [main] cache:45 - Couldn't find template in cache for "Extent.ftl"("en_US", UTF-8, parsed); will try to load it.
2019-10-11 15:38:44,551 DEBUG [main] cache:45 - TemplateLoader.findTemplateSource("Extent_en_US.ftl"): Not found
2019-10-11 15:38:44,555 DEBUG [main] cache:45 - TemplateLoader.findTemplateSource("Extent_en.ftl"): Not found
2019-10-11 15:38:44,557 DEBUG [main] cache:45 - TemplateLoader.findTemplateSource("Extent.ftl"): Found
2019-10-11 15:38:44,559 DEBUG [main] cache:45 - Loading template for "Extent.ftl"("en_US", UTF-8, parsed) from "jar:file:/C:/Users/David.Easterraj/.m2/repository/com/relevantcodes/extentreports/2.41.2/extentreports-2.41.2.jar!/com/relevantcodes/extentreports/view/Extent.ftl"
2019-10-11 15:38:47,626  INFO [main] LogReport:21 - Chrome browser opens
2019-10-11 15:38:52,283  INFO [main] LogReport:21 - Application is open
2019-10-11 15:38:56,264  INFO [main] LogReport:21 - Games validated
2019-10-11 15:38:57,515  INFO [main] LogReport:21 - product unavailability message verified
2019-10-11 15:39:28,133 DEBUG [main] cache:45 - Couldn't find template in cache for "Extent.ftl"("en_US", UTF-8, parsed); will try to load it.
2019-10-11 15:39:28,134 DEBUG [main] cache:45 - TemplateLoader.findTemplateSource("Extent_en_US.ftl"): Not found
2019-10-11 15:39:28,136 DEBUG [main] cache:45 - TemplateLoader.findTemplateSource("Extent_en.ftl"): Not found
2019-10-11 15:39:28,137 DEBUG [main] cache:45 - TemplateLoader.findTemplateSource("Extent.ftl"): Found
2019-10-11 15:39:28,138 DEBUG [main] cache:45 - Loading template for "Extent.ftl"("en_US", UTF-8, parsed) from "jar:file:/C:/Users/David.Easterraj/.m2/repository/com/relevantcodes/extentreports/2.41.2/extentreports-2.41.2.jar!/com/relevantcodes/extentreports/view/Extent.ftl"
2019-10-11 15:41:00,109  INFO [main] LogReport:21 - Chrome browser opens
2019-10-11 15:41:04,431  INFO [main] LogReport:21 - Application is open
2019-10-11 15:41:08,146  INFO [main] LogReport:21 - Games validated
2019-10-11 15:41:09,491  INFO [main] LogReport:21 - product unavailability message verified
2019-10-11 15:41:31,538  INFO [main] LogReport:21 - Arranged in  ascending order
2019-10-11 15:41:31,539  INFO [main] LogReport:21 - Arranged in  ascending order
2019-10-11 15:41:31,539  INFO [main] LogReport:21 - Arranged in  ascending order
2019-10-11 15:41:33,401  INFO [main] LogReport:21 - Arranged in descending order
2019-10-11 15:41:33,402  INFO [main] LogReport:21 - Arranged in descending order
2019-10-11 15:41:38,481 DEBUG [main] cache:45 - Couldn't find template in cache for "Extent.ftl"("en_US", UTF-8, parsed); will try to load it.
2019-10-11 15:41:38,483 DEBUG [main] cache:45 - TemplateLoader.findTemplateSource("Extent_en_US.ftl"): Not found
2019-10-11 15:41:38,485 DEBUG [main] cache:45 - TemplateLoader.findTemplateSource("Extent_en.ftl"): Not found
2019-10-11 15:41:38,486 DEBUG [main] cache:45 - TemplateLoader.findTemplateSource("Extent.ftl"): Found
2019-10-11 15:41:38,487 DEBUG [main] cache:45 - Loading template for "Extent.ftl"("en_US", UTF-8, parsed) from "jar:file:/C:/Users/David.Easterraj/.m2/repository/com/relevantcodes/extentreports/2.41.2/extentreports-2.41.2.jar!/com/relevantcodes/extentreports/view/Extent.ftl"
2019-10-11 16:13:05,496  INFO [main] LogReport:21 - Chrome browser opens
2019-10-11 16:13:10,684  INFO [main] LogReport:21 - Application is open
2019-10-11 16:13:14,429  INFO [main] LogReport:21 - Games validated
2019-10-11 16:13:16,084  INFO [main] LogReport:21 - product unavailability message verified
2019-10-11 16:13:39,171  INFO [main] LogReport:21 - Arranged in  ascending order
2019-10-11 16:13:39,171  INFO [main] LogReport:21 - Arranged in  ascending order
2019-10-11 16:13:39,172  INFO [main] LogReport:21 - Arranged in  ascending order
2019-10-11 16:13:41,004  INFO [main] LogReport:21 - Arranged in descending order
2019-10-11 16:13:41,005  INFO [main] LogReport:21 - Arranged in descending order
2019-10-11 16:13:46,038 DEBUG [main] cache:45 - Couldn't find template in cache for "Extent.ftl"("en_US", UTF-8, parsed); will try to load it.
2019-10-11 16:13:46,040 DEBUG [main] cache:45 - TemplateLoader.findTemplateSource("Extent_en_US.ftl"): Not found
2019-10-11 16:13:46,042 DEBUG [main] cache:45 - TemplateLoader.findTemplateSource("Extent_en.ftl"): Not found
2019-10-11 16:13:46,043 DEBUG [main] cache:45 - TemplateLoader.findTemplateSource("Extent.ftl"): Found
2019-10-11 16:13:46,044 DEBUG [main] cache:45 - Loading template for "Extent.ftl"("en_US", UTF-8, parsed) from "jar:file:/C:/Users/David.Easterraj/.m2/repository/com/relevantcodes/extentreports/2.41.2/extentreports-2.41.2.jar!/com/relevantcodes/extentreports/view/Extent.ftl"
2019-10-11 16:38:28,007  INFO [main] LogReport:21 - Chrome browser opens
2019-10-11 16:38:33,301  INFO [main] LogReport:21 - Application is open
2019-10-11 16:38:37,003  INFO [main] LogReport:21 - Games validated
2019-10-11 16:38:38,262  INFO [main] LogReport:21 - product unavailability message verified
2019-10-11 16:38:59,739  INFO [main] LogReport:21 - Arranged in  ascending order
2019-10-11 16:38:59,740  INFO [main] LogReport:21 - Arranged in  ascending order
2019-10-11 16:38:59,740  INFO [main] LogReport:21 - Arranged in  ascending order
2019-10-11 16:39:01,517  INFO [main] LogReport:21 - Arranged in descending order
2019-10-11 16:39:01,517  INFO [main] LogReport:21 - Arranged in descending order
2019-10-11 16:39:06,557 DEBUG [main] cache:45 - Couldn't find template in cache for "Extent.ftl"("en_US", UTF-8, parsed); will try to load it.
2019-10-11 16:39:06,559 DEBUG [main] cache:45 - TemplateLoader.findTemplateSource("Extent_en_US.ftl"): Not found
2019-10-11 16:39:06,561 DEBUG [main] cache:45 - TemplateLoader.findTemplateSource("Extent_en.ftl"): Not found
2019-10-11 16:39:06,562 DEBUG [main] cache:45 - TemplateLoader.findTemplateSource("Extent.ftl"): Found
2019-10-11 16:39:06,563 DEBUG [main] cache:45 - Loading template for "Extent.ftl"("en_US", UTF-8, parsed) from "jar:file:/C:/Users/David.Easterraj/.m2/repository/com/relevantcodes/extentreports/2.41.2/extentreports-2.41.2.jar!/com/relevantcodes/extentreports/view/Extent.ftl"
2019-10-11 17:46:33,941  INFO [main] LogReport:21 - Chrome browser opens
2019-10-11 17:46:38,927  INFO [main] LogReport:21 - Application is open
2019-10-11 17:46:42,735  INFO [main] LogReport:21 - Games validated
2019-10-11 17:46:44,112  INFO [main] LogReport:21 - product unavailability message verified
2019-10-11 17:47:06,958  INFO [main] LogReport:21 - Arranged in  ascending order
2019-10-11 17:47:06,958  INFO [main] LogReport:21 - Arranged in  ascending order
2019-10-11 17:47:06,958  INFO [main] LogReport:21 - Arranged in  ascending order
2019-10-11 17:47:09,075  INFO [main] LogReport:21 - Arranged in descending order
2019-10-11 17:47:09,076  INFO [main] LogReport:21 - Arranged in descending order
2019-10-11 17:47:09,618 DEBUG [main] cache:45 - Couldn't find template in cache for "Extent.ftl"("en_US", UTF-8, parsed); will try to load it.
2019-10-11 17:47:09,619 DEBUG [main] cache:45 - TemplateLoader.findTemplateSource("Extent_en_US.ftl"): Not found
2019-10-11 17:47:09,621 DEBUG [main] cache:45 - TemplateLoader.findTemplateSource("Extent_en.ftl"): Not found
2019-10-11 17:47:09,622 DEBUG [main] cache:45 - TemplateLoader.findTemplateSource("Extent.ftl"): Found
2019-10-11 17:47:09,623 DEBUG [main] cache:45 - Loading template for "Extent.ftl"("en_US", UTF-8, parsed) from "jar:file:/C:/Users/David.Easterraj/.m2/repository/com/relevantcodes/extentreports/2.41.2/extentreports-2.41.2.jar!/com/relevantcodes/extentreports/view/Extent.ftl"
2019-10-11 17:55:27,425  INFO [main] LogReport:21 - Chrome browser opens
2019-10-11 17:55:43,641  INFO [main] LogReport:21 - Application is open
2019-10-11 17:55:46,987  INFO [main] LogReport:21 - Games validated
2019-10-11 17:55:48,102  INFO [main] LogReport:21 - product unavailability message verified
2019-10-11 17:55:48,131 DEBUG [main] cache:45 - Couldn't find template in cache for "Extent.ftl"("en_US", UTF-8, parsed); will try to load it.
2019-10-11 17:55:48,132 DEBUG [main] cache:45 - TemplateLoader.findTemplateSource("Extent_en_US.ftl"): Not found
2019-10-11 17:55:48,134 DEBUG [main] cache:45 - TemplateLoader.findTemplateSource("Extent_en.ftl"): Not found
2019-10-11 17:55:48,136 DEBUG [main] cache:45 - TemplateLoader.findTemplateSource("Extent.ftl"): Found
2019-10-11 17:55:48,137 DEBUG [main] cache:45 - Loading template for "Extent.ftl"("en_US", UTF-8, parsed) from "jar:file:/C:/Users/David.Easterraj/.m2/repository/com/relevantcodes/extentreports/2.41.2/extentreports-2.41.2.jar!/com/relevantcodes/extentreports/view/Extent.ftl"
2019-10-11 17:58:02,539  INFO [main] LogReport:21 - Chrome browser opens
2019-10-11 17:58:07,528  INFO [main] LogReport:21 - Application is open
2019-10-11 17:58:11,189  INFO [main] LogReport:21 - Games validated
2019-10-11 17:58:12,577  INFO [main] LogReport:21 - product unavailability message verified
2019-10-11 17:58:12,607 DEBUG [main] cache:45 - Couldn't find template in cache for "Extent.ftl"("en_US", UTF-8, parsed); will try to load it.
2019-10-11 17:58:12,609 DEBUG [main] cache:45 - TemplateLoader.findTemplateSource("Extent_en_US.ftl"): Not found
2019-10-11 17:58:12,612 DEBUG [main] cache:45 - TemplateLoader.findTemplateSource("Extent_en.ftl"): Not found
2019-10-11 17:58:12,614 DEBUG [main] cache:45 - TemplateLoader.findTemplateSource("Extent.ftl"): Found
2019-10-11 17:58:12,615 DEBUG [main] cache:45 - Loading template for "Extent.ftl"("en_US", UTF-8, parsed) from "jar:file:/C:/Users/David.Easterraj/.m2/repository/com/relevantcodes/extentreports/2.41.2/extentreports-2.41.2.jar!/com/relevantcodes/extentreports/view/Extent.ftl"
2019-10-11 18:18:49,128  INFO [main] LogReport:21 - Chrome browser opens
2019-10-11 18:18:54,411  INFO [main] LogReport:21 - Application is open
2019-10-11 18:18:57,274 DEBUG [main] cache:45 - Couldn't find template in cache for "Extent.ftl"("en_US", UTF-8, parsed); will try to load it.
2019-10-11 18:18:57,276 DEBUG [main] cache:45 - TemplateLoader.findTemplateSource("Extent_en_US.ftl"): Not found
2019-10-11 18:18:57,279 DEBUG [main] cache:45 - TemplateLoader.findTemplateSource("Extent_en.ftl"): Not found
2019-10-11 18:18:57,281 DEBUG [main] cache:45 - TemplateLoader.findTemplateSource("Extent.ftl"): Found
2019-10-11 18:18:57,282 DEBUG [main] cache:45 - Loading template for "Extent.ftl"("en_US", UTF-8, parsed) from "jar:file:/C:/Users/David.Easterraj/.m2/repository/com/relevantcodes/extentreports/2.41.2/extentreports-2.41.2.jar!/com/relevantcodes/extentreports/view/Extent.ftl"
2019-10-11 18:24:19,638  INFO [main] LogReport:21 - Chrome browser opens
2019-10-11 18:24:25,848  INFO [main] LogReport:21 - Application is open
2019-10-11 18:24:29,939  INFO [main] LogReport:21 - Games validated
2019-10-11 18:24:33,018  INFO [main] LogReport:21 - product unavailability message verified
2019-10-11 18:24:52,295 DEBUG [main] cache:45 - Couldn't find template in cache for "Extent.ftl"("en_US", UTF-8, parsed); will try to load it.
2019-10-11 18:24:52,296 DEBUG [main] cache:45 - TemplateLoader.findTemplateSource("Extent_en_US.ftl"): Not found
2019-10-11 18:24:52,298 DEBUG [main] cache:45 - TemplateLoader.findTemplateSource("Extent_en.ftl"): Not found
2019-10-11 18:24:52,299 DEBUG [main] cache:45 - TemplateLoader.findTemplateSource("Extent.ftl"): Found
2019-10-11 18:24:52,300 DEBUG [main] cache:45 - Loading template for "Extent.ftl"("en_US", UTF-8, parsed) from "jar:file:/C:/Users/David.Easterraj/.m2/repository/com/relevantcodes/extentreports/2.41.2/extentreports-2.41.2.jar!/com/relevantcodes/extentreports/view/Extent.ftl"
2019-10-11 18:45:01,443  INFO [main] LogReport:21 - Chrome browser opens
2019-10-11 18:45:06,500  INFO [main] LogReport:21 - Application is open
2019-10-11 18:45:10,588  INFO [main] LogReport:21 - Games validated
2019-10-11 18:45:12,074  INFO [main] LogReport:21 - product unavailability message verified
2019-10-11 18:45:34,213 DEBUG [main] cache:45 - Couldn't find template in cache for "Extent.ftl"("en_US", UTF-8, parsed); will try to load it.
2019-10-11 18:45:34,215 DEBUG [main] cache:45 - TemplateLoader.findTemplateSource("Extent_en_US.ftl"): Not found
2019-10-11 18:45:34,217 DEBUG [main] cache:45 - TemplateLoader.findTemplateSource("Extent_en.ftl"): Not found
2019-10-11 18:45:34,219 DEBUG [main] cache:45 - TemplateLoader.findTemplateSource("Extent.ftl"): Found
2019-10-11 18:45:34,220 DEBUG [main] cache:45 - Loading template for "Extent.ftl"("en_US", UTF-8, parsed) from "jar:file:/C:/Users/David.Easterraj/.m2/repository/com/relevantcodes/extentreports/2.41.2/extentreports-2.41.2.jar!/com/relevantcodes/extentreports/view/Extent.ftl"
2019-10-11 18:46:54,858  INFO [main] LogReport:21 - Chrome browser opens
2019-10-11 18:46:59,499  INFO [main] LogReport:21 - Application is open
2019-10-11 18:47:03,093  INFO [main] LogReport:21 - Games validated
2019-10-11 18:47:04,364  INFO [main] LogReport:21 - product unavailability message verified
2019-10-11 18:47:04,846 DEBUG [main] cache:45 - Couldn't find template in cache for "Extent.ftl"("en_US", UTF-8, parsed); will try to load it.
2019-10-11 18:47:04,848 DEBUG [main] cache:45 - TemplateLoader.findTemplateSource("Extent_en_US.ftl"): Not found
2019-10-11 18:47:04,850 DEBUG [main] cache:45 - TemplateLoader.findTemplateSource("Extent_en.ftl"): Not found
2019-10-11 18:47:04,851 DEBUG [main] cache:45 - TemplateLoader.findTemplateSource("Extent.ftl"): Found
2019-10-11 18:47:04,852 DEBUG [main] cache:45 - Loading template for "Extent.ftl"("en_US", UTF-8, parsed) from "jar:file:/C:/Users/David.Easterraj/.m2/repository/com/relevantcodes/extentreports/2.41.2/extentreports-2.41.2.jar!/com/relevantcodes/extentreports/view/Extent.ftl"
2019-10-11 18:47:44,135  INFO [main] LogReport:21 - Chrome browser opens
2019-10-11 18:47:50,115  INFO [main] LogReport:21 - Application is open
2019-10-11 18:47:53,901  INFO [main] LogReport:21 - Games validated
2019-10-11 18:47:55,180  INFO [main] LogReport:21 - product unavailability message verified
2019-10-11 18:48:19,046  INFO [main] LogReport:21 - Arranged in  ascending order
2019-10-11 18:48:19,047  INFO [main] LogReport:21 - Arranged in  ascending order
2019-10-11 18:48:19,047  INFO [main] LogReport:21 - Arranged in  ascending order
2019-10-11 18:48:21,090  INFO [main] LogReport:21 - Arranged in descending order
2019-10-11 18:48:21,090  INFO [main] LogReport:21 - Arranged in descending order
2019-10-11 18:48:26,176  INFO [main] LogReport:21 - Arranged in oldest fist
2019-10-11 18:48:26,177  INFO [main] LogReport:21 - Arranged in oldest fist
2019-10-11 18:48:26,178  INFO [main] LogReport:21 - Arranged in oldest fist
2019-10-11 18:48:31,819 DEBUG [main] cache:45 - Couldn't find template in cache for "Extent.ftl"("en_US", UTF-8, parsed); will try to load it.
2019-10-11 18:48:31,821 DEBUG [main] cache:45 - TemplateLoader.findTemplateSource("Extent_en_US.ftl"): Not found
2019-10-11 18:48:31,823 DEBUG [main] cache:45 - TemplateLoader.findTemplateSource("Extent_en.ftl"): Not found
2019-10-11 18:48:31,825 DEBUG [main] cache:45 - TemplateLoader.findTemplateSource("Extent.ftl"): Found
2019-10-11 18:48:31,827 DEBUG [main] cache:45 - Loading template for "Extent.ftl"("en_US", UTF-8, parsed) from "jar:file:/C:/Users/David.Easterraj/.m2/repository/com/relevantcodes/extentreports/2.41.2/extentreports-2.41.2.jar!/com/relevantcodes/extentreports/view/Extent.ftl"
2019-10-11 18:51:46,117  INFO [main] LogReport:21 - Chrome browser opens
2019-10-11 18:51:50,842  INFO [main] LogReport:21 - Application is open
2019-10-11 18:51:54,720  INFO [main] LogReport:21 - Games validated
2019-10-11 18:51:56,090  INFO [main] LogReport:21 - product unavailability message verified
2019-10-11 18:52:19,582  INFO [main] LogReport:21 - Arranged in  ascending order
2019-10-11 18:52:19,583  INFO [main] LogReport:21 - Arranged in  ascending order
2019-10-11 18:52:19,584  INFO [main] LogReport:21 - Arranged in  ascending order
2019-10-11 18:52:21,940  INFO [main] LogReport:21 - Arranged in descending order
2019-10-11 18:52:21,940  INFO [main] LogReport:21 - Arranged in descending order
2019-10-11 18:52:26,888  INFO [main] LogReport:21 - Arranged in oldest fist
2019-10-11 18:52:26,888  INFO [main] LogReport:21 - Arranged in oldest fist
2019-10-11 18:52:26,889  INFO [main] LogReport:21 - Arranged in oldest fist
2019-10-11 18:52:31,909  INFO [main] LogReport:21 - Arranged in Most Recent fist
2019-10-11 18:52:31,910  INFO [main] LogReport:21 - Arranged in Most Recent fist
2019-10-11 18:52:31,911  INFO [main] LogReport:21 - Arranged in Most Recent fist
2019-10-11 18:52:32,231 DEBUG [main] cache:45 - Couldn't find template in cache for "Extent.ftl"("en_US", UTF-8, parsed); will try to load it.
2019-10-11 18:52:32,234 DEBUG [main] cache:45 - TemplateLoader.findTemplateSource("Extent_en_US.ftl"): Not found
2019-10-11 18:52:32,238 DEBUG [main] cache:45 - TemplateLoader.findTemplateSource("Extent_en.ftl"): Not found
2019-10-11 18:52:32,240 DEBUG [main] cache:45 - TemplateLoader.findTemplateSource("Extent.ftl"): Found
2019-10-11 18:52:32,242 DEBUG [main] cache:45 - Loading template for "Extent.ftl"("en_US", UTF-8, parsed) from "jar:file:/C:/Users/David.Easterraj/.m2/repository/com/relevantcodes/extentreports/2.41.2/extentreports-2.41.2.jar!/com/relevantcodes/extentreports/view/Extent.ftl"
2019-10-11 18:52:54,213  INFO [main] LogReport:21 - Chrome browser opens
2019-10-11 18:52:58,991  INFO [main] LogReport:21 - Application is open
2019-10-11 18:53:02,848  INFO [main] LogReport:21 - Games validated
2019-10-11 18:53:04,255  INFO [main] LogReport:21 - product unavailability message verified
2019-10-11 18:53:26,606  INFO [main] LogReport:21 - Arranged in  ascending order
2019-10-11 18:53:26,607  INFO [main] LogReport:21 - Arranged in  ascending order
2019-10-11 18:53:26,607  INFO [main] LogReport:21 - Arranged in  ascending order
2019-10-11 18:53:31,208  INFO [main] LogReport:21 - Arranged in descending order
2019-10-11 18:53:31,209  INFO [main] LogReport:21 - Arranged in descending order
2019-10-11 18:53:43,570  INFO [main] LogReport:21 - Arranged in oldest fist
2019-10-11 18:53:43,571  INFO [main] LogReport:21 - Arranged in oldest fist
2019-10-11 18:53:43,571  INFO [main] LogReport:21 - Arranged in oldest fist
2019-10-11 18:53:49,763  INFO [main] LogReport:21 - Arranged in Most Recent fist
2019-10-11 18:53:49,764  INFO [main] LogReport:21 - Arranged in Most Recent fist
2019-10-11 18:53:49,764  INFO [main] LogReport:21 - Arranged in Most Recent fist
2019-10-11 18:53:51,902 DEBUG [main] cache:45 - Couldn't find template in cache for "Extent.ftl"("en_US", UTF-8, parsed); will try to load it.
2019-10-11 18:53:51,905 DEBUG [main] cache:45 - TemplateLoader.findTemplateSource("Extent_en_US.ftl"): Not found
2019-10-11 18:53:51,909 DEBUG [main] cache:45 - TemplateLoader.findTemplateSource("Extent_en.ftl"): Not found
2019-10-11 18:53:51,911 DEBUG [main] cache:45 - TemplateLoader.findTemplateSource("Extent.ftl"): Found
2019-10-11 18:53:51,911 DEBUG [main] cache:45 - Loading template for "Extent.ftl"("en_US", UTF-8, parsed) from "jar:file:/C:/Users/David.Easterraj/.m2/repository/com/relevantcodes/extentreports/2.41.2/extentreports-2.41.2.jar!/com/relevantcodes/extentreports/view/Extent.ftl"
2019-10-11 19:28:26,303  INFO [main] LogReport:21 - Chrome browser opens
2019-10-11 19:28:31,699  INFO [main] LogReport:21 - Application is open
2019-10-11 19:28:35,725  INFO [main] LogReport:21 - Games validated
2019-10-11 19:28:37,383  INFO [main] LogReport:21 - product unavailability message verified
2019-10-11 19:28:58,430 DEBUG [main] cache:45 - Couldn't find template in cache for "Extent.ftl"("en_US", UTF-8, parsed); will try to load it.
2019-10-11 19:28:58,432 DEBUG [main] cache:45 - TemplateLoader.findTemplateSource("Extent_en_US.ftl"): Not found
2019-10-11 19:28:58,434 DEBUG [main] cache:45 - TemplateLoader.findTemplateSource("Extent_en.ftl"): Not found
2019-10-11 19:28:58,436 DEBUG [main] cache:45 - TemplateLoader.findTemplateSource("Extent.ftl"): Found
2019-10-11 19:28:58,437 DEBUG [main] cache:45 - Loading template for "Extent.ftl"("en_US", UTF-8, parsed) from "jar:file:/C:/Users/David.Easterraj/.m2/repository/com/relevantcodes/extentreports/2.41.2/extentreports-2.41.2.jar!/com/relevantcodes/extentreports/view/Extent.ftl"
2019-10-11 19:29:40,491  INFO [main] LogReport:21 - Chrome browser opens
2019-10-11 19:29:45,947  INFO [main] LogReport:21 - Application is open
2019-10-11 19:29:49,926  INFO [main] LogReport:21 - Games validated
2019-10-11 19:29:51,178  INFO [main] LogReport:21 - product unavailability message verified
2019-10-11 19:30:15,137  INFO [main] LogReport:21 - Arranged in  ascending order
2019-10-11 19:30:15,137  INFO [main] LogReport:21 - Arranged in  ascending order
2019-10-11 19:30:15,138  INFO [main] LogReport:21 - Arranged in  ascending order
2019-10-11 19:30:17,755  INFO [main] LogReport:21 - Arranged in descending order
2019-10-11 19:30:17,756  INFO [main] LogReport:21 - Arranged in descending order
2019-10-11 19:30:23,120  INFO [main] LogReport:21 - Arranged in oldest fist
2019-10-11 19:30:23,121  INFO [main] LogReport:21 - Arranged in oldest fist
2019-10-11 19:30:23,121  INFO [main] LogReport:21 - Arranged in oldest fist
2019-10-11 19:30:28,403  INFO [main] LogReport:21 - Arranged in Most Recent fist
2019-10-11 19:30:28,404  INFO [main] LogReport:21 - Arranged in Most Recent fist
2019-10-11 19:30:28,405  INFO [main] LogReport:21 - Arranged in Most Recent fist
2019-10-11 19:30:30,825 DEBUG [main] cache:45 - Couldn't find template in cache for "Extent.ftl"("en_US", UTF-8, parsed); will try to load it.
2019-10-11 19:30:30,828 DEBUG [main] cache:45 - TemplateLoader.findTemplateSource("Extent_en_US.ftl"): Not found
2019-10-11 19:30:30,830 DEBUG [main] cache:45 - TemplateLoader.findTemplateSource("Extent_en.ftl"): Not found
2019-10-11 19:30:30,832 DEBUG [main] cache:45 - TemplateLoader.findTemplateSource("Extent.ftl"): Found
2019-10-11 19:30:30,833 DEBUG [main] cache:45 - Loading template for "Extent.ftl"("en_US", UTF-8, parsed) from "jar:file:/C:/Users/David.Easterraj/.m2/repository/com/relevantcodes/extentreports/2.41.2/extentreports-2.41.2.jar!/com/relevantcodes/extentreports/view/Extent.ftl"
2019-10-11 19:31:43,186  INFO [main] LogReport:21 - Chrome browser opens
2019-10-11 19:31:48,067  INFO [main] LogReport:21 - Application is open
2019-10-11 19:31:51,965  INFO [main] LogReport:21 - Games validated
2019-10-11 19:31:53,517  INFO [main] LogReport:21 - product unavailability message verified
2019-10-11 19:32:13,920 DEBUG [main] cache:45 - Couldn't find template in cache for "Extent.ftl"("en_US", UTF-8, parsed); will try to load it.
2019-10-11 19:32:13,923 DEBUG [main] cache:45 - TemplateLoader.findTemplateSource("Extent_en_US.ftl"): Not found
2019-10-11 19:32:13,926 DEBUG [main] cache:45 - TemplateLoader.findTemplateSource("Extent_en.ftl"): Not found
2019-10-11 19:32:13,928 DEBUG [main] cache:45 - TemplateLoader.findTemplateSource("Extent.ftl"): Found
2019-10-11 19:32:13,929 DEBUG [main] cache:45 - Loading template for "Extent.ftl"("en_US", UTF-8, parsed) from "jar:file:/C:/Users/David.Easterraj/.m2/repository/com/relevantcodes/extentreports/2.41.2/extentreports-2.41.2.jar!/com/relevantcodes/extentreports/view/Extent.ftl"
2019-10-11 19:37:19,089  INFO [main] LogReport:21 - Chrome browser opens
2019-10-11 19:37:25,037  INFO [main] LogReport:21 - Application is open
2019-10-11 19:37:29,820  INFO [main] LogReport:21 - Games validated
2019-10-11 19:37:32,790  INFO [main] LogReport:21 - product unavailability message verified
2019-10-11 19:37:58,050 DEBUG [main] cache:45 - Couldn't find template in cache for "Extent.ftl"("en_US", UTF-8, parsed); will try to load it.
2019-10-11 19:37:58,052 DEBUG [main] cache:45 - TemplateLoader.findTemplateSource("Extent_en_US.ftl"): Not found
2019-10-11 19:37:58,054 DEBUG [main] cache:45 - TemplateLoader.findTemplateSource("Extent_en.ftl"): Not found
2019-10-11 19:37:58,056 DEBUG [main] cache:45 - TemplateLoader.findTemplateSource("Extent.ftl"): Found
2019-10-11 19:37:58,057 DEBUG [main] cache:45 - Loading template for "Extent.ftl"("en_US", UTF-8, parsed) from "jar:file:/C:/Users/David.Easterraj/.m2/repository/com/relevantcodes/extentreports/2.41.2/extentreports-2.41.2.jar!/com/relevantcodes/extentreports/view/Extent.ftl"
2019-10-11 19:39:31,073  INFO [main] LogReport:21 - Chrome browser opens
2019-10-11 19:39:36,219  INFO [main] LogReport:21 - Application is open
2019-10-11 19:39:40,253  INFO [main] LogReport:21 - Games validated
2019-10-11 19:39:41,528  INFO [main] LogReport:21 - product unavailability message verified
2019-10-11 19:40:04,793 DEBUG [main] cache:45 - Couldn't find template in cache for "Extent.ftl"("en_US", UTF-8, parsed); will try to load it.
2019-10-11 19:40:04,794 DEBUG [main] cache:45 - TemplateLoader.findTemplateSource("Extent_en_US.ftl"): Not found
2019-10-11 19:40:04,797 DEBUG [main] cache:45 - TemplateLoader.findTemplateSource("Extent_en.ftl"): Not found
2019-10-11 19:40:04,799 DEBUG [main] cache:45 - TemplateLoader.findTemplateSource("Extent.ftl"): Found
2019-10-11 19:40:04,799 DEBUG [main] cache:45 - Loading template for "Extent.ftl"("en_US", UTF-8, parsed) from "jar:file:/C:/Users/David.Easterraj/.m2/repository/com/relevantcodes/extentreports/2.41.2/extentreports-2.41.2.jar!/com/relevantcodes/extentreports/view/Extent.ftl"
2019-10-11 19:41:09,380  INFO [main] LogReport:21 - Chrome browser opens
2019-10-11 19:41:14,182  INFO [main] LogReport:21 - Application is open
2019-10-11 19:41:17,983  INFO [main] LogReport:21 - Games validated
2019-10-11 19:41:19,250  INFO [main] LogReport:21 - product unavailability message verified
2019-10-11 19:41:39,136 DEBUG [main] cache:45 - Couldn't find template in cache for "Extent.ftl"("en_US", UTF-8, parsed); will try to load it.
2019-10-11 19:41:39,138 DEBUG [main] cache:45 - TemplateLoader.findTemplateSource("Extent_en_US.ftl"): Not found
2019-10-11 19:41:39,140 DEBUG [main] cache:45 - TemplateLoader.findTemplateSource("Extent_en.ftl"): Not found
2019-10-11 19:41:39,143 DEBUG [main] cache:45 - TemplateLoader.findTemplateSource("Extent.ftl"): Found
2019-10-11 19:41:39,144 DEBUG [main] cache:45 - Loading template for "Extent.ftl"("en_US", UTF-8, parsed) from "jar:file:/C:/Users/David.Easterraj/.m2/repository/com/relevantcodes/extentreports/2.41.2/extentreports-2.41.2.jar!/com/relevantcodes/extentreports/view/Extent.ftl"
2019-10-11 19:46:53,248  INFO [main] LogReport:21 - Chrome browser opens
2019-10-11 19:46:57,993  INFO [main] LogReport:21 - Application is open
2019-10-11 19:47:01,497  INFO [main] LogReport:21 - Games validated
2019-10-11 19:47:02,756  INFO [main] LogReport:21 - product unavailability message verified
2019-10-11 19:47:23,977 DEBUG [main] cache:45 - Couldn't find template in cache for "Extent.ftl"("en_US", UTF-8, parsed); will try to load it.
2019-10-11 19:47:23,979 DEBUG [main] cache:45 - TemplateLoader.findTemplateSource("Extent_en_US.ftl"): Not found
2019-10-11 19:47:23,981 DEBUG [main] cache:45 - TemplateLoader.findTemplateSource("Extent_en.ftl"): Not found
2019-10-11 19:47:23,983 DEBUG [main] cache:45 - TemplateLoader.findTemplateSource("Extent.ftl"): Found
2019-10-11 19:47:23,984 DEBUG [main] cache:45 - Loading template for "Extent.ftl"("en_US", UTF-8, parsed) from "jar:file:/C:/Users/David.Easterraj/.m2/repository/com/relevantcodes/extentreports/2.41.2/extentreports-2.41.2.jar!/com/relevantcodes/extentreports/view/Extent.ftl"
2019-10-11 19:53:16,999  INFO [main] LogReport:21 - Chrome browser opens
2019-10-11 19:53:21,875  INFO [main] LogReport:21 - Application is open
2019-10-11 19:53:25,778  INFO [main] LogReport:21 - Games validated
2019-10-11 19:53:27,097  INFO [main] LogReport:21 - product unavailability message verified
2019-10-11 19:53:49,439 DEBUG [main] cache:45 - Couldn't find template in cache for "Extent.ftl"("en_US", UTF-8, parsed); will try to load it.
2019-10-11 19:53:49,443 DEBUG [main] cache:45 - TemplateLoader.findTemplateSource("Extent_en_US.ftl"): Not found
2019-10-11 19:53:49,445 DEBUG [main] cache:45 - TemplateLoader.findTemplateSource("Extent_en.ftl"): Not found
2019-10-11 19:53:49,447 DEBUG [main] cache:45 - TemplateLoader.findTemplateSource("Extent.ftl"): Found
2019-10-11 19:53:49,448 DEBUG [main] cache:45 - Loading template for "Extent.ftl"("en_US", UTF-8, parsed) from "jar:file:/C:/Users/David.Easterraj/.m2/repository/com/relevantcodes/extentreports/2.41.2/extentreports-2.41.2.jar!/com/relevantcodes/extentreports/view/Extent.ftl"
2019-10-11 19:54:14,157  INFO [main] LogReport:21 - Chrome browser opens
2019-10-11 19:54:18,853  INFO [main] LogReport:21 - Application is open
2019-10-11 19:54:22,537  INFO [main] LogReport:21 - Games validated
2019-10-11 19:54:23,982  INFO [main] LogReport:21 - product unavailability message verified
2019-10-11 19:54:46,041  INFO [main] LogReport:21 - Arranged in  ascending order
2019-10-11 19:54:46,042  INFO [main] LogReport:21 - Arranged in  ascending order
2019-10-11 19:54:46,042  INFO [main] LogReport:21 - Arranged in  ascending order
2019-10-11 19:54:48,128  INFO [main] LogReport:21 - Arranged in descending order
2019-10-11 19:54:48,129  INFO [main] LogReport:21 - Arranged in descending order
2019-10-11 19:54:53,279  INFO [main] LogReport:21 - Arranged in oldest fist
2019-10-11 19:54:53,280  INFO [main] LogReport:21 - Not in Oldest first
2019-10-11 19:54:53,280  INFO [main] LogReport:21 - Arranged in oldest fist
2019-10-11 19:54:58,601  INFO [main] LogReport:21 - Arranged in Most Recent fist
2019-10-11 19:54:58,601  INFO [main] LogReport:21 - Not in Most Recent first
2019-10-11 19:54:58,602  INFO [main] LogReport:21 - Arranged in Most Recent fist
2019-10-11 19:55:00,798 DEBUG [main] cache:45 - Couldn't find template in cache for "Extent.ftl"("en_US", UTF-8, parsed); will try to load it.
2019-10-11 19:55:00,801 DEBUG [main] cache:45 - TemplateLoader.findTemplateSource("Extent_en_US.ftl"): Not found
2019-10-11 19:55:00,804 DEBUG [main] cache:45 - TemplateLoader.findTemplateSource("Extent_en.ftl"): Not found
2019-10-11 19:55:00,805 DEBUG [main] cache:45 - TemplateLoader.findTemplateSource("Extent.ftl"): Found
2019-10-11 19:55:00,806 DEBUG [main] cache:45 - Loading template for "Extent.ftl"("en_US", UTF-8, parsed) from "jar:file:/C:/Users/David.Easterraj/.m2/repository/com/relevantcodes/extentreports/2.41.2/extentreports-2.41.2.jar!/com/relevantcodes/extentreports/view/Extent.ftl"
2019-10-11 19:56:37,192  INFO [main] LogReport:21 - Chrome browser opens
2019-10-11 19:56:55,198  INFO [main] LogReport:21 - Application is open
2019-10-11 19:56:59,375  INFO [main] LogReport:21 - Games validated
2019-10-11 19:57:00,829  INFO [main] LogReport:21 - product unavailability message verified
2019-10-11 19:57:21,863 DEBUG [main] cache:45 - Couldn't find template in cache for "Extent.ftl"("en_US", UTF-8, parsed); will try to load it.
2019-10-11 19:57:21,865 DEBUG [main] cache:45 - TemplateLoader.findTemplateSource("Extent_en_US.ftl"): Not found
2019-10-11 19:57:21,868 DEBUG [main] cache:45 - TemplateLoader.findTemplateSource("Extent_en.ftl"): Not found
2019-10-11 19:57:21,870 DEBUG [main] cache:45 - TemplateLoader.findTemplateSource("Extent.ftl"): Found
2019-10-11 19:57:21,871 DEBUG [main] cache:45 - Loading template for "Extent.ftl"("en_US", UTF-8, parsed) from "jar:file:/C:/Users/David.Easterraj/.m2/repository/com/relevantcodes/extentreports/2.41.2/extentreports-2.41.2.jar!/com/relevantcodes/extentreports/view/Extent.ftl"
2019-10-11 19:58:21,503  INFO [main] LogReport:21 - Chrome browser opens
2019-10-11 19:58:26,508  INFO [main] LogReport:21 - Application is open
2019-10-11 19:58:30,678  INFO [main] LogReport:21 - Games validated
2019-10-11 19:58:32,392  INFO [main] LogReport:21 - product unavailability message verified
2019-10-11 19:58:56,618 DEBUG [main] cache:45 - Couldn't find template in cache for "Extent.ftl"("en_US", UTF-8, parsed); will try to load it.
2019-10-11 19:58:56,621 DEBUG [main] cache:45 - TemplateLoader.findTemplateSource("Extent_en_US.ftl"): Not found
2019-10-11 19:58:56,624 DEBUG [main] cache:45 - TemplateLoader.findTemplateSource("Extent_en.ftl"): Not found
2019-10-11 19:58:56,626 DEBUG [main] cache:45 - TemplateLoader.findTemplateSource("Extent.ftl"): Found
2019-10-11 19:58:56,628 DEBUG [main] cache:45 - Loading template for "Extent.ftl"("en_US", UTF-8, parsed) from "jar:file:/C:/Users/David.Easterraj/.m2/repository/com/relevantcodes/extentreports/2.41.2/extentreports-2.41.2.jar!/com/relevantcodes/extentreports/view/Extent.ftl"
2019-10-11 20:01:46,196  INFO [main] LogReport:21 - Chrome browser opens
2019-10-11 20:01:50,936  INFO [main] LogReport:21 - Application is open
2019-10-11 20:01:54,642  INFO [main] LogReport:21 - Games validated
2019-10-11 20:01:55,997  INFO [main] LogReport:21 - product unavailability message verified
2019-10-11 20:02:21,053  INFO [main] LogReport:21 - Arranged in  ascending order
2019-10-11 20:02:21,054  INFO [main] LogReport:21 - Arranged in  ascending order
2019-10-11 20:02:21,055  INFO [main] LogReport:21 - Arranged in  ascending order
2019-10-11 20:02:23,176  INFO [main] LogReport:21 - Arranged in descending order
2019-10-11 20:02:23,177  INFO [main] LogReport:21 - Arranged in descending order
2019-10-11 20:02:28,505  INFO [main] LogReport:21 - Not in Oldest first
2019-10-11 20:02:28,506  INFO [main] LogReport:21 - Arranged in oldest fist
2019-10-11 20:02:28,506  INFO [main] LogReport:21 - Not in Oldest first
2019-10-11 20:02:33,757  INFO [main] LogReport:21 - Not in Most Recent first
2019-10-11 20:02:33,757  INFO [main] LogReport:21 - Arranged in Most Recent fist
2019-10-11 20:02:33,758  INFO [main] LogReport:21 - Not in Most Recent first
2019-10-11 20:02:36,222 DEBUG [main] cache:45 - Couldn't find template in cache for "Extent.ftl"("en_US", UTF-8, parsed); will try to load it.
2019-10-11 20:02:36,225 DEBUG [main] cache:45 - TemplateLoader.findTemplateSource("Extent_en_US.ftl"): Not found
2019-10-11 20:02:36,228 DEBUG [main] cache:45 - TemplateLoader.findTemplateSource("Extent_en.ftl"): Not found
2019-10-11 20:02:36,229 DEBUG [main] cache:45 - TemplateLoader.findTemplateSource("Extent.ftl"): Found
2019-10-11 20:02:36,230 DEBUG [main] cache:45 - Loading template for "Extent.ftl"("en_US", UTF-8, parsed) from "jar:file:/C:/Users/David.Easterraj/.m2/repository/com/relevantcodes/extentreports/2.41.2/extentreports-2.41.2.jar!/com/relevantcodes/extentreports/view/Extent.ftl"
2019-10-11 20:13:07,541  INFO [main] LogReport:21 - Chrome browser opens
2019-10-11 20:13:13,342  INFO [main] LogReport:21 - Application is open
2019-10-11 20:13:17,560  INFO [main] LogReport:21 - Games validated
2019-10-11 20:13:19,070  INFO [main] LogReport:21 - product unavailability message verified
2019-10-11 20:13:42,508  INFO [main] LogReport:21 - Arranged in  ascending order
2019-10-11 20:13:42,509  INFO [main] LogReport:21 - Arranged in  ascending order
2019-10-11 20:13:42,509  INFO [main] LogReport:21 - Arranged in  ascending order
2019-10-11 20:13:44,716  INFO [main] LogReport:21 - Arranged in descending order
2019-10-11 20:13:44,716  INFO [main] LogReport:21 - Arranged in descending order
2019-10-11 20:13:50,013  INFO [main] LogReport:21 - Not in Oldest first
2019-10-11 20:13:50,013  INFO [main] LogReport:21 - Arranged in oldest fist
2019-10-11 20:13:50,014  INFO [main] LogReport:21 - Not in Oldest first
2019-10-11 20:13:55,226  INFO [main] LogReport:21 - Not in Most Recent first
2019-10-11 20:13:55,227  INFO [main] LogReport:21 - Arranged in Most Recent fist
2019-10-11 20:13:55,227  INFO [main] LogReport:21 - Not in Most Recent first
2019-10-11 20:13:57,398 DEBUG [main] cache:45 - Couldn't find template in cache for "Extent.ftl"("en_US", UTF-8, parsed); will try to load it.
2019-10-11 20:13:57,401 DEBUG [main] cache:45 - TemplateLoader.findTemplateSource("Extent_en_US.ftl"): Not found
2019-10-11 20:13:57,404 DEBUG [main] cache:45 - TemplateLoader.findTemplateSource("Extent_en.ftl"): Not found
2019-10-11 20:13:57,406 DEBUG [main] cache:45 - TemplateLoader.findTemplateSource("Extent.ftl"): Found
2019-10-11 20:13:57,406 DEBUG [main] cache:45 - Loading template for "Extent.ftl"("en_US", UTF-8, parsed) from "jar:file:/C:/Users/David.Easterraj/.m2/repository/com/relevantcodes/extentreports/2.41.2/extentreports-2.41.2.jar!/com/relevantcodes/extentreports/view/Extent.ftl"
2019-10-11 20:15:21,458  INFO [main] LogReport:21 - Chrome browser opens
2019-10-11 20:15:26,171  INFO [main] LogReport:21 - Application is open
2019-10-11 20:15:30,911  INFO [main] LogReport:21 - Games validated
2019-10-11 20:15:32,223  INFO [main] LogReport:21 - product unavailability message verified
2019-10-11 20:15:55,725  INFO [main] LogReport:21 - Arranged in  ascending order
2019-10-11 20:15:55,725  INFO [main] LogReport:21 - Arranged in  ascending order
2019-10-11 20:15:55,726  INFO [main] LogReport:21 - Arranged in  ascending order
2019-10-11 20:16:00,727  INFO [main] LogReport:21 - Arranged in descending order
2019-10-11 20:16:00,728  INFO [main] LogReport:21 - Arranged in descending order
2019-10-11 20:16:14,131  INFO [main] LogReport:21 - Not in Oldest first
2019-10-11 20:16:14,132  INFO [main] LogReport:21 - Arranged in oldest fist
2019-10-11 20:16:14,132  INFO [main] LogReport:21 - Not in Oldest first
2019-10-11 20:16:19,829  INFO [main] LogReport:21 - Not in Most Recent first
2019-10-11 20:16:19,830  INFO [main] LogReport:21 - Arranged in Most Recent fist
2019-10-11 20:16:19,830  INFO [main] LogReport:21 - Not in Most Recent first
2019-10-11 20:16:22,004 DEBUG [main] cache:45 - Couldn't find template in cache for "Extent.ftl"("en_US", UTF-8, parsed); will try to load it.
2019-10-11 20:16:22,008 DEBUG [main] cache:45 - TemplateLoader.findTemplateSource("Extent_en_US.ftl"): Not found
2019-10-11 20:16:22,015 DEBUG [main] cache:45 - TemplateLoader.findTemplateSource("Extent_en.ftl"): Not found
2019-10-11 20:16:22,018 DEBUG [main] cache:45 - TemplateLoader.findTemplateSource("Extent.ftl"): Found
2019-10-11 20:16:22,019 DEBUG [main] cache:45 - Loading template for "Extent.ftl"("en_US", UTF-8, parsed) from "jar:file:/C:/Users/David.Easterraj/.m2/repository/com/relevantcodes/extentreports/2.41.2/extentreports-2.41.2.jar!/com/relevantcodes/extentreports/view/Extent.ftl"
2019-10-11 20:17:05,794  INFO [main] LogReport:21 - Chrome browser opens
2019-10-11 20:17:11,905  INFO [main] LogReport:21 - Application is open
2019-10-11 20:17:15,867  INFO [main] LogReport:21 - Games validated
2019-10-11 20:17:17,315  INFO [main] LogReport:21 - product unavailability message verified
2019-10-11 20:17:35,907 DEBUG [main] cache:45 - Couldn't find template in cache for "Extent.ftl"("en_US", UTF-8, parsed); will try to load it.
2019-10-11 20:17:35,910 DEBUG [main] cache:45 - TemplateLoader.findTemplateSource("Extent_en_US.ftl"): Not found
2019-10-11 20:17:35,913 DEBUG [main] cache:45 - TemplateLoader.findTemplateSource("Extent_en.ftl"): Not found
2019-10-11 20:17:35,917 DEBUG [main] cache:45 - TemplateLoader.findTemplateSource("Extent.ftl"): Found
2019-10-11 20:17:35,919 DEBUG [main] cache:45 - Loading template for "Extent.ftl"("en_US", UTF-8, parsed) from "jar:file:/C:/Users/David.Easterraj/.m2/repository/com/relevantcodes/extentreports/2.41.2/extentreports-2.41.2.jar!/com/relevantcodes/extentreports/view/Extent.ftl"
2019-10-11 20:19:34,868  INFO [main] LogReport:21 - Chrome browser opens
2019-10-11 20:19:40,697  INFO [main] LogReport:21 - Application is open
2019-10-11 20:19:44,422  INFO [main] LogReport:21 - Games validated
2019-10-11 20:19:46,420  INFO [main] LogReport:21 - product unavailability message verified
2019-10-11 20:20:10,437 DEBUG [main] cache:45 - Couldn't find template in cache for "Extent.ftl"("en_US", UTF-8, parsed); will try to load it.
2019-10-11 20:20:10,439 DEBUG [main] cache:45 - TemplateLoader.findTemplateSource("Extent_en_US.ftl"): Not found
2019-10-11 20:20:10,441 DEBUG [main] cache:45 - TemplateLoader.findTemplateSource("Extent_en.ftl"): Not found
2019-10-11 20:20:10,443 DEBUG [main] cache:45 - TemplateLoader.findTemplateSource("Extent.ftl"): Found
2019-10-11 20:20:10,444 DEBUG [main] cache:45 - Loading template for "Extent.ftl"("en_US", UTF-8, parsed) from "jar:file:/C:/Users/David.Easterraj/.m2/repository/com/relevantcodes/extentreports/2.41.2/extentreports-2.41.2.jar!/com/relevantcodes/extentreports/view/Extent.ftl"
2019-10-11 20:21:17,961  INFO [main] LogReport:21 - Chrome browser opens
2019-10-11 20:21:22,839  INFO [main] LogReport:21 - Application is open
2019-10-11 20:21:26,614  INFO [main] LogReport:21 - Games validated
2019-10-11 20:21:28,117  INFO [main] LogReport:21 - product unavailability message verified
2019-10-11 20:21:48,496 DEBUG [main] cache:45 - Couldn't find template in cache for "Extent.ftl"("en_US", UTF-8, parsed); will try to load it.
2019-10-11 20:21:48,500 DEBUG [main] cache:45 - TemplateLoader.findTemplateSource("Extent_en_US.ftl"): Not found
2019-10-11 20:21:48,509 DEBUG [main] cache:45 - TemplateLoader.findTemplateSource("Extent_en.ftl"): Not found
2019-10-11 20:21:48,516 DEBUG [main] cache:45 - TemplateLoader.findTemplateSource("Extent.ftl"): Found
2019-10-11 20:21:48,519 DEBUG [main] cache:45 - Loading template for "Extent.ftl"("en_US", UTF-8, parsed) from "jar:file:/C:/Users/David.Easterraj/.m2/repository/com/relevantcodes/extentreports/2.41.2/extentreports-2.41.2.jar!/com/relevantcodes/extentreports/view/Extent.ftl"
2019-10-11 20:44:57,761  INFO [main] LogReport:21 - Chrome browser opens
2019-10-11 20:45:03,160  INFO [main] LogReport:21 - Application is open
2019-10-11 20:45:06,962  INFO [main] LogReport:21 - Games validated
2019-10-11 20:45:08,595  INFO [main] LogReport:21 - product unavailability message verified
2019-10-11 20:45:30,646 DEBUG [main] cache:45 - Couldn't find template in cache for "Extent.ftl"("en_US", UTF-8, parsed); will try to load it.
2019-10-11 20:45:30,648 DEBUG [main] cache:45 - TemplateLoader.findTemplateSource("Extent_en_US.ftl"): Not found
2019-10-11 20:45:30,652 DEBUG [main] cache:45 - TemplateLoader.findTemplateSource("Extent_en.ftl"): Not found
2019-10-11 20:45:30,654 DEBUG [main] cache:45 - TemplateLoader.findTemplateSource("Extent.ftl"): Found
2019-10-11 20:45:30,656 DEBUG [main] cache:45 - Loading template for "Extent.ftl"("en_US", UTF-8, parsed) from "jar:file:/C:/Users/David.Easterraj/.m2/repository/com/relevantcodes/extentreports/2.41.2/extentreports-2.41.2.jar!/com/relevantcodes/extentreports/view/Extent.ftl"
